[2022-04-29 12:26:42] [INFORMAZIONI] 	Releases:  
[2022-04-29 12:26:42] [INFORMAZIONI] 		4.0.0 
[2022-04-29 12:26:42] [INFORMAZIONI] 		4.1.0 
[2022-04-29 12:26:42] [INFORMAZIONI] 		4.2.0 
[2022-04-29 12:26:42] [INFORMAZIONI] 		4.2.1 
[2022-04-29 12:26:42] [INFORMAZIONI] 		4.2.2 
[2022-04-29 12:26:42] [INFORMAZIONI] 		4.3.0 
[2022-04-29 12:26:42] [INFORMAZIONI] 		4.2.3 
[2022-04-29 12:26:42] [INFORMAZIONI] 		4.3.1 
[2022-04-29 12:26:42] [INFORMAZIONI] 		4.3.2 
[2022-04-29 12:26:42] [INFORMAZIONI] 		4.4.0 
[2022-04-29 12:26:42] [INFORMAZIONI] 		4.5.0 
[2022-04-29 12:27:12] [INFORMAZIONI] 	Total number of Jira tickets retrieved: 435 
[2022-04-29 12:27:13] [INFORMAZIONI] 	Total number of commits retrieved: 1078 
[2022-04-29 12:27:13] [INFORMAZIONI] 	Project linkage is: 92.30055658627087 
[2022-04-29 12:27:13] [INFORMAZIONI] 	Number of bugs referenced: 414 
[2022-04-29 12:27:13] [INFORMAZIONI] BOOKKEEPER-280 
[2022-04-29 12:27:13] [INFORMAZIONI] 	Injected: 4.0.0, Opening: 4.0.0, Fix: 4.1.0 
[2022-04-29 12:27:13] [INFORMAZIONI] BOOKKEEPER-291 
[2022-04-29 12:27:13] [INFORMAZIONI] 	Injected: 4.0.0, Opening: 4.0.0, Fix: 4.1.0 
[2022-04-29 12:27:13] [INFORMAZIONI] BOOKKEEPER-292 
[2022-04-29 12:27:13] [INFORMAZIONI] 	Injected: 4.0.0, Opening: 4.0.0, Fix: 4.1.0 
[2022-04-29 12:27:13] [INFORMAZIONI] BOOKKEEPER-296 
[2022-04-29 12:27:13] [INFORMAZIONI] 	Injected: 4.0.0, Opening: 4.1.0, Fix: 4.1.0 
[2022-04-29 12:27:13] [INFORMAZIONI] BOOKKEEPER-313 
[2022-04-29 12:27:13] [INFORMAZIONI] 	Injected: 4.0.0, Opening: 4.1.0, Fix: 4.2.1 
[2022-04-29 12:27:13] [INFORMAZIONI] BOOKKEEPER-337 
[2022-04-29 12:27:13] [INFORMAZIONI] 	Injected: 4.0.0, Opening: 4.1.0, Fix: 4.1.0 
[2022-04-29 12:27:13] [INFORMAZIONI] BOOKKEEPER-363 
[2022-04-29 12:27:13] [INFORMAZIONI] 	Injected: 4.0.0, Opening: 4.1.0, Fix: 4.3.0 
[2022-04-29 12:27:13] [INFORMAZIONI] BOOKKEEPER-446 
[2022-04-29 12:27:13] [INFORMAZIONI] 	Injected: 4.0.0, Opening: 4.1.0, Fix: 4.2.1 
[2022-04-29 12:27:13] [INFORMAZIONI] BOOKKEEPER-544 
[2022-04-29 12:27:13] [INFORMAZIONI] 	Injected: 4.0.0, Opening: 4.1.0, Fix: 4.2.1 
[2022-04-29 12:27:13] [INFORMAZIONI] BOOKKEEPER-548 
[2022-04-29 12:27:13] [INFORMAZIONI] 	Injected: 4.0.0, Opening: 4.1.0, Fix: 4.2.0 
[2022-04-29 12:27:13] [INFORMAZIONI] BOOKKEEPER-549 
[2022-04-29 12:27:13] [INFORMAZIONI] 	Injected: 4.0.0, Opening: 4.1.0, Fix: 4.2.0 
[2022-04-29 12:27:13] [INFORMAZIONI] BOOKKEEPER-578 
[2022-04-29 12:27:13] [INFORMAZIONI] 	Injected: 4.0.0, Opening: 4.2.0, Fix: 4.3.2 
[2022-04-29 12:27:13] [INFORMAZIONI] BOOKKEEPER-580 
[2022-04-29 12:27:13] [INFORMAZIONI] 	Injected: 4.1.0, Opening: 4.2.0, Fix: 4.2.1 
[2022-04-29 12:27:13] [INFORMAZIONI] BOOKKEEPER-584 
[2022-04-29 12:27:13] [INFORMAZIONI] 	Injected: 4.2.0, Opening: 4.2.0, Fix: 4.2.1 
[2022-04-29 12:27:13] [INFORMAZIONI] BOOKKEEPER-594 
[2022-04-29 12:27:13] [INFORMAZIONI] 	Injected: 4.2.0, Opening: 4.2.0, Fix: 4.3.2 
[2022-04-29 12:27:13] [INFORMAZIONI] BOOKKEEPER-602 
[2022-04-29 12:27:13] [INFORMAZIONI] 	Injected: 4.2.0, Opening: 4.2.1, Fix: 4.3.0 
[2022-04-29 12:27:13] [INFORMAZIONI] BOOKKEEPER-638 
[2022-04-29 12:27:13] [INFORMAZIONI] 	Injected: 4.2.1, Opening: 4.2.1, Fix: 4.2.2 
[2022-04-29 12:27:13] [INFORMAZIONI] BOOKKEEPER-654 
[2022-04-29 12:27:13] [INFORMAZIONI] 	Injected: 4.2.0, Opening: 4.2.1, Fix: 4.3.0 
[2022-04-29 12:27:13] [INFORMAZIONI] BOOKKEEPER-664 
[2022-04-29 12:27:13] [INFORMAZIONI] 	Injected: 4.2.1, Opening: 4.2.1, Fix: 4.2.2 
[2022-04-29 12:27:13] [INFORMAZIONI] BOOKKEEPER-673 
[2022-04-29 12:27:13] [INFORMAZIONI] 	Injected: 4.2.1, Opening: 4.2.1, Fix: 4.2.2 
[2022-04-29 12:27:13] [INFORMAZIONI] BOOKKEEPER-676 
[2022-04-29 12:27:13] [INFORMAZIONI] 	Injected: 4.2.1, Opening: 4.2.1, Fix: 4.2.2 
[2022-04-29 12:27:13] [INFORMAZIONI] BOOKKEEPER-678 
[2022-04-29 12:27:13] [INFORMAZIONI] 	Injected: 4.2.1, Opening: 4.2.1, Fix: 4.2.2 
[2022-04-29 12:27:13] [INFORMAZIONI] BOOKKEEPER-686 
[2022-04-29 12:27:13] [INFORMAZIONI] 	Injected: 4.2.0, Opening: 4.2.1, Fix: 4.2.1 
[2022-04-29 12:27:13] [INFORMAZIONI] BOOKKEEPER-688 
[2022-04-29 12:27:13] [INFORMAZIONI] 	Injected: 4.2.0, Opening: 4.2.1, Fix: 4.3.0 
[2022-04-29 12:27:13] [INFORMAZIONI] BOOKKEEPER-695 
[2022-04-29 12:27:13] [INFORMAZIONI] 	Injected: 4.2.2, Opening: 4.2.2, Fix: 4.3.1 
[2022-04-29 12:27:13] [INFORMAZIONI] BOOKKEEPER-708 
[2022-04-29 12:27:13] [INFORMAZIONI] 	Injected: 4.2.2, Opening: 4.2.2, Fix: 4.3.0 
[2022-04-29 12:27:13] [INFORMAZIONI] BOOKKEEPER-710 
[2022-04-29 12:27:13] [INFORMAZIONI] 	Injected: 4.2.2, Opening: 4.2.2, Fix: 4.3.0 
[2022-04-29 12:27:13] [INFORMAZIONI] BOOKKEEPER-712 
[2022-04-29 12:27:13] [INFORMAZIONI] 	Injected: 4.2.1, Opening: 4.2.2, Fix: 4.2.2 
[2022-04-29 12:27:13] [INFORMAZIONI] BOOKKEEPER-714 
[2022-04-29 12:27:13] [INFORMAZIONI] 	Injected: 4.2.2, Opening: 4.2.2, Fix: 4.3.0 
[2022-04-29 12:27:13] [INFORMAZIONI] BOOKKEEPER-739 
[2022-04-29 12:27:13] [INFORMAZIONI] 	Injected: 4.3.0, Opening: 4.3.0, Fix: 4.2.3 
[2022-04-29 12:27:13] [INFORMAZIONI] BOOKKEEPER-768 
[2022-04-29 12:27:13] [INFORMAZIONI] 	Injected: 4.2.2, Opening: 4.3.0, Fix: 4.2.3 
[2022-04-29 12:27:13] [INFORMAZIONI] BOOKKEEPER-769 
[2022-04-29 12:27:13] [INFORMAZIONI] 	Injected: 4.3.0, Opening: 4.3.0, Fix: 4.3.2 
[2022-04-29 12:27:13] [INFORMAZIONI] BOOKKEEPER-794 
[2022-04-29 12:27:13] [INFORMAZIONI] 	Injected: 4.2.3, Opening: 4.2.3, Fix: 4.3.2 
[2022-04-29 12:27:13] [INFORMAZIONI] BOOKKEEPER-797 
[2022-04-29 12:27:13] [INFORMAZIONI] 	Injected: 4.3.0, Opening: 4.2.3, Fix: 4.2.3 
[2022-04-29 12:27:13] [INFORMAZIONI] BOOKKEEPER-802 
[2022-04-29 12:27:13] [INFORMAZIONI] 	Injected: 4.2.3, Opening: 4.2.3, Fix: 4.3.1 
[2022-04-29 12:27:13] [INFORMAZIONI] BOOKKEEPER-804 
[2022-04-29 12:27:13] [INFORMAZIONI] 	Injected: 4.3.0, Opening: 4.2.3, Fix: 4.2.3 
[2022-04-29 12:27:13] [INFORMAZIONI] BOOKKEEPER-805 
[2022-04-29 12:27:13] [INFORMAZIONI] 	Injected: 4.3.0, Opening: 4.2.3, Fix: 4.2.3 
[2022-04-29 12:27:13] [INFORMAZIONI] BOOKKEEPER-809 
[2022-04-29 12:27:13] [INFORMAZIONI] 	Injected: 4.3.0, Opening: 4.2.3, Fix: 4.2.3 
[2022-04-29 12:27:13] [INFORMAZIONI] BOOKKEEPER-813 
[2022-04-29 12:27:13] [INFORMAZIONI] 	Injected: 4.3.0, Opening: 4.2.3, Fix: 4.2.3 
[2022-04-29 12:27:13] [INFORMAZIONI] BOOKKEEPER-814 
[2022-04-29 12:27:13] [INFORMAZIONI] 	Injected: 4.3.0, Opening: 4.2.3, Fix: 4.2.3 
[2022-04-29 12:27:13] [INFORMAZIONI] BOOKKEEPER-821 
[2022-04-29 12:27:13] [INFORMAZIONI] 	Injected: 4.3.0, Opening: 4.2.3, Fix: 4.2.3 
[2022-04-29 12:27:13] [INFORMAZIONI] BOOKKEEPER-823 
[2022-04-29 12:27:13] [INFORMAZIONI] 	Injected: 4.2.3, Opening: 4.2.3, Fix: 4.3.1 
[2022-04-29 12:27:13] [INFORMAZIONI] BOOKKEEPER-848 
[2022-04-29 12:27:13] [INFORMAZIONI] 	Injected: 4.3.0, Opening: 4.2.3, Fix: 4.2.3 
[2022-04-29 12:27:13] [INFORMAZIONI] BOOKKEEPER-852 
[2022-04-29 12:27:13] [INFORMAZIONI] 	Injected: 4.3.0, Opening: 4.2.3, Fix: 4.4.0 
[2022-04-29 12:27:13] [INFORMAZIONI] BOOKKEEPER-903 
[2022-04-29 12:27:13] [INFORMAZIONI] 	Injected: 4.3.2, Opening: 4.3.2, Fix: 4.4.0 
[2022-04-29 12:27:13] [INFORMAZIONI] BOOKKEEPER-907 
[2022-04-29 12:27:13] [INFORMAZIONI] 	Injected: 4.3.2, Opening: 4.3.2, Fix: 4.4.0 
[2022-04-29 12:27:13] [INFORMAZIONI] BOOKKEEPER-908 
[2022-04-29 12:27:13] [INFORMAZIONI] 	Injected: 4.3.2, Opening: 4.3.2, Fix: 4.4.0 
[2022-04-29 12:27:13] [INFORMAZIONI] BOOKKEEPER-924 
[2022-04-29 12:27:13] [INFORMAZIONI] 	Injected: 4.3.2, Opening: 4.3.2, Fix: 4.4.0 
[2022-04-29 12:27:13] [INFORMAZIONI] BOOKKEEPER-926 
[2022-04-29 12:27:13] [INFORMAZIONI] 	Injected: 4.3.1, Opening: 4.3.2, Fix: 4.3.2 
[2022-04-29 12:27:13] [INFORMAZIONI] BOOKKEEPER-927 
[2022-04-29 12:27:13] [INFORMAZIONI] 	Injected: 4.3.2, Opening: 4.3.2, Fix: 4.4.0 
[2022-04-29 12:27:13] [INFORMAZIONI] BOOKKEEPER-1105 
[2022-04-29 12:27:13] [INFORMAZIONI] 	Injected: 4.4.0, Opening: 4.4.0, Fix: 4.5.0 
[2022-04-29 12:27:13] [INFORMAZIONI] 4.0.0 
[2022-04-29 12:27:13] [INFORMAZIONI] 	Number of related commits: 110 
[2022-04-29 12:27:13] [INFORMAZIONI] 4.1.0 
[2022-04-29 12:27:13] [INFORMAZIONI] 	Number of related commits: 199 
[2022-04-29 12:27:13] [INFORMAZIONI] 4.2.0 
[2022-04-29 12:27:13] [INFORMAZIONI] 	Number of related commits: 23 
[2022-04-29 12:27:13] [INFORMAZIONI] 4.2.1 
[2022-04-29 12:27:13] [INFORMAZIONI] 	Number of related commits: 51 
[2022-04-29 12:27:13] [INFORMAZIONI] 4.2.2 
[2022-04-29 12:27:13] [INFORMAZIONI] 	Number of related commits: 32 
[2022-04-29 12:27:13] [INFORMAZIONI] 4.3.0 
[2022-04-29 12:27:13] [INFORMAZIONI] 	Number of related commits: 36 
[2022-04-29 12:27:13] [INFORMAZIONI] 4.2.3 
[2022-04-29 12:27:13] [INFORMAZIONI] 	Number of related commits: 73 
[2022-04-29 12:27:13] [INFORMAZIONI] 4.3.1 
[2022-04-29 12:27:13] [INFORMAZIONI] 	Number of related commits: 15 
[2022-04-29 12:27:13] [INFORMAZIONI] 4.3.2 
[2022-04-29 12:27:13] [INFORMAZIONI] 	Number of related commits: 46 
[2022-04-29 12:27:13] [INFORMAZIONI] 4.4.0 
[2022-04-29 12:27:13] [INFORMAZIONI] 	Number of related commits: 320 
[2022-04-29 12:27:13] [INFORMAZIONI] 4.5.0 
[2022-04-29 12:27:13] [INFORMAZIONI] 	Number of related commits: 81 
[2022-04-29 12:28:38] [INFORMAZIONI] 4.0.0 
[2022-04-29 12:28:38] [INFORMAZIONI] 	Number of related files: 303 
[2022-04-29 12:28:38] [INFORMAZIONI] 4.1.0 
[2022-04-29 12:28:38] [INFORMAZIONI] 	Number of related files: 159 
[2022-04-29 12:28:38] [INFORMAZIONI] 4.2.0 
[2022-04-29 12:28:38] [INFORMAZIONI] 	Number of related files: 156 
[2022-04-29 12:28:38] [INFORMAZIONI] 4.2.1 
[2022-04-29 12:28:38] [INFORMAZIONI] 	Number of related files: 27 
[2022-04-29 12:28:38] [INFORMAZIONI] 4.2.2 
[2022-04-29 12:28:38] [INFORMAZIONI] 	Number of related files: 38 
[2022-04-29 12:28:38] [INFORMAZIONI] 4.3.0 
[2022-04-29 12:28:38] [INFORMAZIONI] 	Number of related files: 21 
[2022-04-29 12:28:38] [INFORMAZIONI] 4.2.3 
[2022-04-29 12:28:38] [INFORMAZIONI] 	Number of related files: 24 
[2022-04-29 12:28:38] [INFORMAZIONI] 4.3.1 
[2022-04-29 12:28:38] [INFORMAZIONI] 	Number of related files: 6 
[2022-04-29 12:28:38] [INFORMAZIONI] 4.3.2 
[2022-04-29 12:28:38] [INFORMAZIONI] 	Number of related files: 341 
[2022-04-29 12:28:38] [INFORMAZIONI] 4.4.0 
[2022-04-29 12:28:38] [INFORMAZIONI] 	Number of related files: 1527 
[2022-04-29 12:28:38] [INFORMAZIONI] 4.5.0 
[2022-04-29 12:28:38] [INFORMAZIONI] 	Number of related files: 1031 
[2022-04-29 12:28:38] [INFORMAZIONI] Dataset construction: SUCCESS. 
